<?xml version="1.0" encoding="utf-8"?><testsuites name="pytest tests"><testsuite name="pytest" errors="0" failures="0" skipped="0" tests="68" time="29.268" timestamp="2026-08-27T11:21:31.418426+00:00" hostname="agent-env-e3150f65-6950-466b-828e-ec5d2d98436b"><testcase classname="tests.backend_test.TestAuth" name="test_admin_login" time="0.371" /><testcase classname="tests.backend_test.TestAuth" name="test_bcrypt_hash_format" time="0.369" /><testcase classname="tests.backend_test.TestCheckoutOrders" name="test_checkout_empty_cart" time="0.708" /><testcase classname="tests.backend_test.TestAuth" name="test_login_wrong_password" time="0.493" /><testcase classname="tests.backend_test.TestAuth" name="test_login_unknown_email" time="0.051" /><testcase classname="tests.backend_test.TestCheckoutOrders" name="test_full_demo_checkout_with_coupon_and_stock_decrement" time="2.491" /><testcase classname="tests.backend_test.TestAuth" name="test_register_and_login_customer" time="1.480" /><testcase classname="tests.backend_test.TestAuth" name="test_protected_requires_token" time="0.287" /><testcase classname="tests.backend_test.TestAuth" name="test_invalid_token_rejected" time="0.049" /><testcase classname="tests.backend_test.TestCheckoutOrders" name="test_shipping_and_welcome10" time="2.033" /><testcase classname="tests.backend_test.TestAuth" name="test_customer_cannot_access_admin" time="0.586" /><testcase classname="tests.backend_test.TestAuth" name="test_brute_force_lockout" time="2.492" /><testcase classname="tests.backend_test.TestCheckoutOrders" name="test_oversell_stock_guard" time="0.550" /><testcase classname="tests.backend_test.TestCheckoutOrders" name="test_order_ownership_isolation" time="2.009" /><testcase classname="tests.backend_test.TestVariants" name="test_seeded_variants_and_stock_sum" time="0.329" /><testcase classname="tests.backend_test.TestVariants" name="test_cart_variant_separation" time="1.610" /><testcase classname="tests.backend_test.TestCheckoutOrders" name="test_oversell_strict_400" time="1.451" /><testcase classname="tests.backend_test.TestVariants" name="test_variant_oversell_400" time="1.120" /><testcase classname="tests.backend_test.TestCheckoutOrders" name="test_verify_idempotent" time="2.519" /><testcase classname="tests.backend_test.TestVariants" name="test_variant_stock_decrement_on_paid" time="2.430" /><testcase classname="tests.backend_test.TestVariants" name="test_admin_create_and_update_variants" time="0.375" /><testcase classname="tests.backend_test.TestCheckoutOrders" name="test_malformed_objectid_routes" time="0.563" /><testcase classname="tests.backend_test.TestVariants" name="test_non_variant_product_flow_unchanged" time="0.148" /><testcase classname="tests.backend_test.TestCheckoutOrders" name="test_verify_nonexistent_order" time="0.227" /><testcase classname="tests.backend_test.TestBatchRefactor" name="test_mixed_cart_batch_fetch_correctness" time="1.715" /><testcase classname="tests.backend_test.TestProductCRUD" name="test_create_update_delete_product" time="0.881" /><testcase classname="tests.backend_test.TestProductCRUD" name="test_create_product_requires_admin" time="0.458" /><testcase classname="tests.backend_test.TestProductCRUD" name="test_invalid_product_id_returns_404" time="0.062" /><testcase classname="tests.backend_test.TestProductCRUD" name="test_filters_search_sort" time="0.505" /><testcase classname="tests.backend_test.TestBatchRefactor" name="test_cart_skips_deleted_product_line" time="1.322" /><testcase classname="tests.backend_test.TestProductCRUD" name="test_validation_missing_fields" time="0.085" /><testcase classname="tests.backend_test.TestReviews" name="test_non_buyer_gets_403" time="1.017" /><testcase classname="tests.backend_test.TestBatchRefactor" name="test_wishlist_batch_exact_set_and_order" time="0.846" /><testcase classname="tests.backend_test.TestReviews" name="test_pending_order_is_not_verified" time="0.256" /><testcase classname="tests.backend_test.TestReviews" name="test_verified_buyer_can_review_once" time="0.383" /><testcase classname="tests.backend_test.TestBatchRefactor" name="test_wishlist_skips_deleted_product" time="0.369" /><testcase classname="tests.backend_test.TestReviews" name="test_rating_clamped_for_verified_buyer" time="0.286" /><testcase classname="tests.backend_test.TestBatchRefactor" name="test_admin_stats_cross_check_against_db" time="0.070" /><testcase classname="tests.backend_test.TestReviews" name="test_review_requires_auth" time="0.063" /><testcase classname="tests.backend_test.TestBatchRefactor" name="test_admin_stats_prefetch_resolves_missing_category" time="0.385" /><testcase classname="tests.backend_test.TestCoupons" name="test_seeded_coupons_present" time="0.406" /><testcase classname="tests.backend_test.TestCoupons" name="test_create_and_delete_coupon" time="0.698" /><testcase classname="tests.backend_test.TestOrderEmails" name="test_order_confirmation_email_on_verify" time="2.178" /><testcase classname="tests.backend_test.TestCoupons" name="test_validate_coupon" time="1.293" /><testcase classname="tests.backend_test.TestCoupons" name="test_coupon_admin_only" time="0.065" /><testcase classname="tests.backend_test.TestHealth" name="test_root" time="0.127" /><testcase classname="tests.backend_test.TestOrderEmails" name="test_shipping_email_and_status_persist" time="0.367" /><testcase classname="tests.backend_test.TestHealth" name="test_products_public" time="0.069" /><testcase classname="tests.backend_test.TestHealth" name="test_categories" time="0.109" /><testcase classname="tests.backend_test.TestOrderEmails" name="test_email_html_passes_safety_gate" time="0.579" /><testcase classname="tests.backend_test.TestAdmin" name="test_stats" time="0.619" /><testcase classname="tests.backend_test.TestOrderEmails" name="test_send_email_returns_202_from_proxy" time="0.199" /><testcase classname="tests.backend_test.TestAdmin" name="test_admin_orders_and_status_update" time="2.152" /><testcase classname="tests.backend_test.TestUpload" name="test_upload_and_fetch" time="1.753" /><testcase classname="tests.backend_test.TestAdmin" name="test_status_update_requires_admin" time="0.225" /><testcase classname="tests.backend_test.TestUpload" name="test_upload_requires_admin" time="0.456" /><testcase classname="tests.backend_test.TestUpload" name="test_missing_file_404" time="0.256" /><testcase classname="tests.backend_test.TestFixVerification" name="test_welcome10_rounding_whole_rupees" time="1.972" /><testcase classname="tests.backend_test.TestSalesAnalytics" name="test_daily_revenue_14_points" time="0.400" /><testcase classname="tests.backend_test.TestSalesAnalytics" name="test_best_sellers_shape" time="0.853" /><testcase classname="tests.backend_test.TestSalesAnalytics" name="test_stats_requires_admin" time="0.448" /><testcase classname="tests.backend_test.TestFixVerification" name="test_gallery_images_no_duplicates" time="0.068" /><testcase classname="tests.backend_test.TestFixVerification" name="test_can_review_flags" time="1.634" /><testcase classname="tests.backend_test.TestLiveRazorpay" name="test_checkout_returns_real_razorpay_order" time="1.746" /><testcase classname="tests.backend_test.TestLiveRazorpay" name="test_verify_rejects_bad_signature" time="1.294" /><testcase classname="tests.backend_test.TestCart" name="test_cart_flow" time="1.737" /><testcase classname="tests.backend_test.TestProductGallery" name="test_products_expose_multiple_images" time="0.202" /><testcase classname="tests.backend_test.TestWishlist" name="test_toggle_wishlist" time="0.709" /></testsuite></testsuites>